2025-04-14T07:49:01.022Z [32minfo[39m: 	Firebase Admin initialized successfully
2025-04-14T07:49:01.031Z [32minfo[39m: 	Server running on port 5000 in development mode
2025-04-14T08:04:38.569Z [32minfo[39m: 	Firebase Admin initialized successfully
2025-04-14T08:04:38.577Z [32minfo[39m: 	Server running on port 5000 in development mode
2025-04-14T08:04:44.893Z [31merror[39m: 	Error Cannot set property query of #<IncomingMessage> which has only a getter
2025-04-14T08:06:04.656Z [31merror[39m: 	Error Cannot set property query of #<IncomingMessage> which has only a getter
2025-04-14T08:06:04.762Z [31merror[39m: 	Error Cannot set property query of #<IncomingMessage> which has only a getter
2025-04-14T08:06:10.350Z [31merror[39m: 	Error Cannot set property query of #<IncomingMessage> which has only a getter
2025-04-14T08:06:10.373Z [31merror[39m: 	Error Cannot set property query of #<IncomingMessage> which has only a getter
2025-04-14T08:08:18.767Z [32minfo[39m: 	Firebase Admin initialized successfully
2025-04-14T08:08:18.775Z [32minfo[39m: 	Server running on port 5000 in development mode
2025-04-14T08:08:36.608Z [32minfo[39m: 	Firebase Admin initialized successfully
2025-04-14T08:08:36.616Z [32minfo[39m: 	Server running on port 5000 in development mode
2025-04-14T08:08:55.176Z [32minfo[39m: 	[90mGET /api/notifications[39m [33m401[39m [90m106ms[39m
2025-04-14T08:13:12.159Z [32minfo[39m: 	Firebase Admin initialized successfully
2025-04-14T08:13:12.169Z [32minfo[39m: 	Server running on port 5000 in development mode
2025-04-14T08:13:19.187Z [32minfo[39m: 	Firebase Admin initialized successfully
2025-04-14T08:13:19.195Z [32minfo[39m: 	Server running on port 5000 in development mode
2025-04-14T08:14:38.277Z [32minfo[39m: 	[90mPOST /api/auth/register[39m [33m400[39m [90m15ms[39m
2025-04-14T08:14:57.096Z [32minfo[39m: 	[90mPOST /api/auth/register[39m [33m400[39m [90m1ms[39m
2025-04-14T08:15:15.641Z [32minfo[39m: 	Firebase Admin initialized successfully
2025-04-14T08:15:15.649Z [32minfo[39m: 	Server running on port 5000 in development mode
2025-04-14T08:15:21.828Z [32minfo[39m: 	[90mPOST /api/auth/register[39m [33m400[39m [90m15ms[39m
2025-04-14T08:15:50.418Z [32minfo[39m: 	Firebase Admin initialized successfully
2025-04-14T08:15:50.426Z [32minfo[39m: 	Server running on port 5000 in development mode
2025-04-14T08:16:02.751Z [32minfo[39m: 	[90mPOST /api/auth/register[39m [32m201[39m [90m1899ms[39m
2025-04-14T08:16:31.417Z [32minfo[39m: 	[90mGET /api/auth/me[39m [33m401[39m [90m3ms[39m
2025-04-14T08:19:04.849Z [32minfo[39m: 	[90mGET /api[39m [33m404[39m [90m1ms[39m
2025-04-14T08:23:52.878Z [32minfo[39m: 	Firebase Admin initialized successfully
2025-04-14T08:23:52.887Z [32minfo[39m: 	Server running on port 5000 in development mode
